This file contains any messages produced by compilers while
running configure, to aid debugging if configure makes a mistake.

It was created by libusb-1.0 configure 1.0.24, which was
generated by GNU Autoconf 2.69.  Invocation command line was

  $ ./configure --enable-examples-build --enable-tests-build

## --------- ##
## Platform. ##
## --------- ##

hostname = skusno
uname -m = x86_64
uname -r = 5.11.0-41-generic
uname -s = Linux
uname -v = #45~20.04.1-Ubuntu SMP Wed Nov 10 10:20:10 UTC 2021

/usr/bin/uname -p = x86_64
/bin/uname -X     = unknown

/bin/arch              = x86_64
/usr/bin/arch -k       = unknown
/usr/convex/getsysinfo = unknown
/usr/bin/hostinfo      = unknown
/bin/machine           = unknown
/usr/bin/oslevel       = unknown
/bin/universe          = unknown

PATH: /usr/local/sbin
PATH: /usr/local/bin
PATH: /usr/sbin
PATH: /usr/bin
PATH: /sbin
PATH: /bin
PATH: /usr/games
PATH: /usr/local/games
PATH: /snap/bin
PATH: /home/iordan/software/android-sdk-linux/platform-tools/
PATH: /home/iordan/software/android-sdk-linux/tools
PATH: /home/iordan/software/android-ndk-linux/
PATH: /home/iordan/software/android-studio/bin
PATH: /home/iordan/software/flutter/bin


## ----------- ##
## Core tests. ##
## ----------- ##

configure:2566: checking for gcc
configure:2582: found /usr/bin/gcc
configure:2593: result: gcc
configure:2822: checking for C compiler version
configure:2831: gcc --version >&5
gcc (Ubuntu 9.3.0-17ubuntu1~20.04) 9.3.0
Copyright (C) 2019 Free Software Foundation, Inc.
This is free software; see the source for copying conditions.  There is NO
warranty; not even for MERCHANTABILITY or FITNESS FOR A PARTICULAR PURPOSE.

configure:2842: $? = 0
configure:2831: gcc -v >&5
Using built-in specs.
COLLECT_GCC=gcc
COLLECT_LTO_WRAPPER=/usr/lib/gcc/x86_64-linux-gnu/9/lto-wrapper
OFFLOAD_TARGET_NAMES=nvptx-none:hsa
OFFLOAD_TARGET_DEFAULT=1
Target: x86_64-linux-gnu
Configured with: ../src/configure -v --with-pkgversion='Ubuntu 9.3.0-17ubuntu1~20.04' --with-bugurl=file:///usr/share/doc/gcc-9/README.Bugs --enable-languages=c,ada,c++,go,brig,d,fortran,objc,obj-c++,gm2 --prefix=/usr --with-gcc-major-version-only --program-suffix=-9 --program-prefix=x86_64-linux-gnu- --enable-shared --enable-linker-build-id --libexecdir=/usr/lib --without-included-gettext --enable-threads=posix --libdir=/usr/lib --enable-nls --enable-clocale=gnu --enable-libstdcxx-debug --enable-libstdcxx-time=yes --with-default-libstdcxx-abi=new --enable-gnu-unique-object --disable-vtable-verify --enable-plugin --enable-default-pie --with-system-zlib --with-target-system-zlib=auto --enable-objc-gc=auto --enable-multiarch --disable-werror --with-arch-32=i686 --with-abi=m64 --with-multilib-list=m32,m64,mx32 --enable-multilib --with-tune=generic --enable-offload-targets=nvptx-none=/build/gcc-9-HskZEa/gcc-9-9.3.0/debian/tmp-nvptx/usr,hsa --without-cuda-driver --enable-checking=release --build=x86_64-linux-gnu --host=x86_64-linux-gnu --target=x86_64-linux-gnu
Thread model: posix
gcc version 9.3.0 (Ubuntu 9.3.0-17ubuntu1~20.04) 
configure:2842: $? = 0
configure:2831: gcc -V >&5
gcc: error: unrecognized command line option '-V'
gcc: fatal error: no input files
compilation terminated.
configure:2842: $? = 1
configure:2831: gcc -qversion >&5
gcc: error: unrecognized command line option '-qversion'; did you mean '--version'?
gcc: fatal error: no input files
compilation terminated.
configure:2842: $? = 1
configure:2862: checking whether the C compiler works
configure:2884: gcc    conftest.c  >&5
configure:2888: $? = 0
configure:2936: result: yes
configure:2939: checking for C compiler default output file name
configure:2941: result: a.out
configure:2947: checking for suffix of executables
configure:2954: gcc -o conftest    conftest.c  >&5
configure:2958: $? = 0
configure:2980: result: 
configure:3002: checking whether we are cross compiling
configure:3010: gcc -o conftest    conftest.c  >&5
configure:3014: $? = 0
configure:3021: ./conftest
configure:3025: $? = 0
configure:3013: result: no
configure:3018: checking for suffix of object files
configure:3040: gcc -c   conftest.c >&5
configure:3044: $? = 0
configure:3065: result: o
configure:3069: checking whether we are using the GNU C compiler
configure:3088: gcc -c   conftest.c >&5
configure:3088: $? = 0
configure:3097: result: yes
configure:3106: checking whether gcc accepts -g
configure:3126: gcc -c -g  conftest.c >&5
configure:3126: $? = 0
configure:3167: result: yes
configure:3184: checking for gcc option to accept ISO C89
configure:3247: gcc  -c -g -O2  conftest.c >&5
configure:3247: $? = 0
configure:3260: result: none needed
configure:3317: checking whether gcc understands -c and -o together
configure:3339: gcc -c conftest.c -o conftest2.o
configure:3342: $? = 0
configure:3339: gcc -c conftest.c -o conftest2.o
configure:3342: $? = 0
configure:3354: result: yes
configure:3429: checking for g++
configure:3445: found /usr/bin/g++
configure:3456: result: g++
configure:3483: checking for C++ compiler version
configure:3492: g++ --version >&5
g++ (Ubuntu 9.3.0-17ubuntu1~20.04) 9.3.0
Copyright (C) 2019 Free Software Foundation, Inc.
This is free software; see the source for copying conditions.  There is NO
warranty; not even for MERCHANTABILITY or FITNESS FOR A PARTICULAR PURPOSE.

configure:3503: $? = 0
configure:3492: g++ -v >&5
Using built-in specs.
COLLECT_GCC=g++
COLLECT_LTO_WRAPPER=/usr/lib/gcc/x86_64-linux-gnu/9/lto-wrapper
OFFLOAD_TARGET_NAMES=nvptx-none:hsa
OFFLOAD_TARGET_DEFAULT=1
Target: x86_64-linux-gnu
Configured with: ../src/configure -v --with-pkgversion='Ubuntu 9.3.0-17ubuntu1~20.04' --with-bugurl=file:///usr/share/doc/gcc-9/README.Bugs --enable-languages=c,ada,c++,go,brig,d,fortran,objc,obj-c++,gm2 --prefix=/usr --with-gcc-major-version-only --program-suffix=-9 --program-prefix=x86_64-linux-gnu- --enable-shared --enable-linker-build-id --libexecdir=/usr/lib --without-included-gettext --enable-threads=posix --libdir=/usr/lib --enable-nls --enable-clocale=gnu --enable-libstdcxx-debug --enable-libstdcxx-time=yes --with-default-libstdcxx-abi=new --enable-gnu-unique-object --disable-vtable-verify --enable-plugin --enable-default-pie --with-system-zlib --with-target-system-zlib=auto --enable-objc-gc=auto --enable-multiarch --disable-werror --with-arch-32=i686 --with-abi=m64 --with-multilib-list=m32,m64,mx32 --enable-multilib --with-tune=generic --enable-offload-targets=nvptx-none=/build/gcc-9-HskZEa/gcc-9-9.3.0/debian/tmp-nvptx/usr,hsa --without-cuda-driver --enable-checking=release --build=x86_64-linux-gnu --host=x86_64-linux-gnu --target=x86_64-linux-gnu
Thread model: posix
gcc version 9.3.0 (Ubuntu 9.3.0-17ubuntu1~20.04) 
configure:3503: $? = 0
configure:3492: g++ -V >&5
g++: error: unrecognized command line option '-V'
g++: fatal error: no input files
compilation terminated.
configure:3503: $? = 1
configure:3492: g++ -qversion >&5
g++: error: unrecognized command line option '-qversion'; did you mean '--version'?
g++: fatal error: no input files
compilation terminated.
configure:3503: $? = 1
configure:3507: checking whether we are using the GNU C++ compiler
configure:3526: g++ -c   conftest.cpp >&5
configure:3526: $? = 0
configure:3535: result: yes
configure:3544: checking whether g++ accepts -g
configure:3564: g++ -c -g  conftest.cpp >&5
configure:3564: $? = 0
configure:3605: result: yes
configure:3629: checking for inline
configure:3645: gcc -c -g -O2  conftest.c >&5
configure:3645: $? = 0
configure:3653: result: inline
configure:3687: checking for a BSD-compatible install
configure:3755: result: /usr/bin/install -c
configure:3766: checking whether build environment is sane
configure:3821: result: yes
configure:3967: checking for a thread-safe mkdir -p
configure:4006: result: /usr/bin/mkdir -p
configure:4013: checking for gawk
configure:4029: found /usr/bin/gawk
configure:4040: result: gawk
configure:4051: checking whether make sets $(MAKE)
configure:4073: result: yes
configure:4095: checking whether make supports the include directive
configure:4110: make -f confmf.GNU && cat confinc.out
this is the am__doit target
configure:4113: $? = 0
configure:4132: result: yes (GNU style)
configure:4165: checking whether make supports nested variables
configure:4182: result: yes
configure:4267: checking dependency style of gcc
configure:4378: result: gcc3
configure:4395: checking dependency style of g++
configure:4506: result: gcc3
configure:4593: checking build system type
configure:4607: result: x86_64-pc-linux-gnu
configure:4627: checking host system type
configure:4640: result: x86_64-pc-linux-gnu
configure:4681: checking how to print strings
configure:4708: result: printf
configure:4729: checking for a sed that does not truncate output
configure:4793: result: /usr/bin/sed
configure:4811: checking for grep that handles long lines and -e
configure:4869: result: /usr/bin/grep
configure:4874: checking for egrep
configure:4936: result: /usr/bin/grep -E
configure:4941: checking for fgrep
configure:5003: result: /usr/bin/grep -F
configure:5038: checking for ld used by gcc
configure:5105: result: /usr/bin/ld
configure:5112: checking if the linker (/usr/bin/ld) is GNU ld
configure:5127: result: yes
configure:5139: checking for BSD- or MS-compatible name lister (nm)
configure:5193: result: /usr/bin/nm -B
configure:5323: checking the name lister (/usr/bin/nm -B) interface
configure:5330: gcc -c -g -O2  conftest.c >&5
configure:5333: /usr/bin/nm -B "conftest.o"
configure:5336: output
0000000000000000 B some_variable
configure:5337: result: BSD nm
configure:5340: checking whether ln -s works
configure:5344: result: yes
configure:5352: checking the maximum length of command line arguments
configure:5483: result: 1572864
configure:5531: checking how to convert x86_64-pc-linux-gnu file names to x86_64-pc-linux-gnu format
configure:5571: result: func_convert_file_noop
configure:5578: checking how to convert x86_64-pc-linux-gnu file names to toolchain format
configure:5598: result: func_convert_file_noop
configure:5605: checking for /usr/bin/ld option to reload object files
configure:5612: result: -r
configure:5686: checking for objdump
configure:5702: found /usr/bin/objdump
configure:5713: result: objdump
configure:5745: checking how to recognize dependent libraries
configure:5945: result: pass_all
configure:6030: checking for dlltool
configure:6060: result: no
configure:6090: checking how to associate runtime and link libraries
configure:6117: result: printf %s\n
configure:6177: checking for ar
configure:6193: found /usr/bin/ar
configure:6204: result: ar
configure:6241: checking for archiver @FILE support
configure:6258: gcc -c -g -O2  conftest.c >&5
configure:6258: $? = 0
configure:6261: ar cr libconftest.a @conftest.lst >&5
configure:6264: $? = 0
configure:6269: ar cr libconftest.a @conftest.lst >&5
ar: conftest.o: No such file or directory
configure:6272: $? = 1
configure:6271: result: @
configure:6329: checking for strip
configure:6345: found /usr/bin/strip
configure:6356: result: strip
configure:6428: checking for ranlib
configure:6444: found /usr/bin/ranlib
configure:6455: result: ranlib
configure:6557: checking command to parse /usr/bin/nm -B output from gcc object
configure:6710: gcc -c -g -O2  conftest.c >&5
configure:6713: $? = 0
configure:6717: /usr/bin/nm -B conftest.o | sed -n -e 's/^.*[	 ]\([ABCDGIRSTW][ABCDGIRSTW]*\)[	 ][	 ]*\([_A-Za-z][_A-Za-z0-9]*\)$/\1 \2 \2/p' | sed '/ __gnu_lto/d' > conftest.nm
configure:6783: gcc -o conftest -g -O2   conftest.c conftstm.o >&5
configure:6786: $? = 0
configure:6824: result: ok
configure:6871: checking for sysroot
configure:6901: result: no
configure:6908: checking for a working dd
configure:6946: result: /usr/bin/dd
configure:6950: checking how to truncate binary pipes
configure:6965: result: /usr/bin/dd bs=4096 count=1
configure:7101: gcc -c -g -O2  conftest.c >&5
configure:7104: $? = 0
configure:7294: checking for mt
configure:7310: found /usr/bin/mt
configure:7321: result: mt
configure:7344: checking if mt is a manifest tool
configure:7350: mt '-?'
configure:7358: result: no
configure:8035: checking how to run the C preprocessor
configure:8066: gcc -E  conftest.c
configure:8066: $? = 0
configure:8080: gcc -E  conftest.c
conftest.c:11:10: fatal error: ac_nonexistent.h: No such file or directory
   11 | #include <ac_nonexistent.h>
      |          ^~~~~~~~~~~~~~~~~~
compilation terminated.
configure:8080: $? = 1
configure: failed program was:
| /* confdefs.h */
| #define PACKAGE_NAME "libusb-1.0"
| #define PACKAGE_TARNAME "libusb-1.0"
| #define PACKAGE_VERSION "1.0.24"
| #define PACKAGE_STRING "libusb-1.0 1.0.24"
| #define PACKAGE_BUGREPORT "libusb-devel@lists.sourceforge.net"
| #define PACKAGE_URL "http://libusb.info"
| #define PACKAGE "libusb-1.0"
| #define VERSION "1.0.24"
| /* end confdefs.h.  */
| #include <ac_nonexistent.h>
configure:8105: result: gcc -E
configure:8125: gcc -E  conftest.c
configure:8125: $? = 0
configure:8139: gcc -E  conftest.c
conftest.c:11:10: fatal error: ac_nonexistent.h: No such file or directory
   11 | #include <ac_nonexistent.h>
      |          ^~~~~~~~~~~~~~~~~~
compilation terminated.
configure:8139: $? = 1
configure: failed program was:
| /* confdefs.h */
| #define PACKAGE_NAME "libusb-1.0"
| #define PACKAGE_TARNAME "libusb-1.0"
| #define PACKAGE_VERSION "1.0.24"
| #define PACKAGE_STRING "libusb-1.0 1.0.24"
| #define PACKAGE_BUGREPORT "libusb-devel@lists.sourceforge.net"
| #define PACKAGE_URL "http://libusb.info"
| #define PACKAGE "libusb-1.0"
| #define VERSION "1.0.24"
| /* end confdefs.h.  */
| #include <ac_nonexistent.h>
configure:8168: checking for ANSI C header files
configure:8188: gcc -c -g -O2  conftest.c >&5
configure:8188: $? = 0
configure:8261: gcc -o conftest -g -O2   conftest.c  >&5
configure:8261: $? = 0
configure:8261: ./conftest
configure:8261: $? = 0
configure:8272: result: yes
configure:8285: checking for sys/types.h
configure:8285: gcc -c -g -O2  conftest.c >&5
configure:8285: $? = 0
configure:8285: result: yes
configure:8285: checking for sys/stat.h
configure:8285: gcc -c -g -O2  conftest.c >&5
configure:8285: $? = 0
configure:8285: result: yes
configure:8285: checking for stdlib.h
configure:8285: gcc -c -g -O2  conftest.c >&5
configure:8285: $? = 0
configure:8285: result: yes
configure:8285: checking for string.h
configure:8285: gcc -c -g -O2  conftest.c >&5
configure:8285: $? = 0
configure:8285: result: yes
configure:8285: checking for memory.h
configure:8285: gcc -c -g -O2  conftest.c >&5
configure:8285: $? = 0
configure:8285: result: yes
configure:8285: checking for strings.h
configure:8285: gcc -c -g -O2  conftest.c >&5
configure:8285: $? = 0
configure:8285: result: yes
configure:8285: checking for inttypes.h
configure:8285: gcc -c -g -O2  conftest.c >&5
configure:8285: $? = 0
configure:8285: result: yes
configure:8285: checking for stdint.h
configure:8285: gcc -c -g -O2  conftest.c >&5
configure:8285: $? = 0
configure:8285: result: yes
configure:8285: checking for unistd.h
configure:8285: gcc -c -g -O2  conftest.c >&5
configure:8285: $? = 0
configure:8285: result: yes
configure:8299: checking for dlfcn.h
configure:8299: gcc -c -g -O2  conftest.c >&5
configure:8299: $? = 0
configure:8299: result: yes
configure:8566: checking for objdir
configure:8581: result: .libs
configure:8845: checking if gcc supports -fno-rtti -fno-exceptions
configure:8863: gcc -c -g -O2  -fno-rtti -fno-exceptions conftest.c >&5
cc1: warning: command line option '-fno-rtti' is valid for C++/D/ObjC++ but not for C
configure:8867: $? = 0
configure:8880: result: no
configure:9244: checking for gcc option to produce PIC
configure:9251: result: -fPIC -DPIC
configure:9259: checking if gcc PIC flag -fPIC -DPIC works
configure:9277: gcc -c -g -O2  -fPIC -DPIC -DPIC conftest.c >&5
configure:9281: $? = 0
configure:9294: result: yes
configure:9323: checking if gcc static flag -static works
configure:9351: result: yes
configure:9366: checking if gcc supports -c -o file.o
configure:9387: gcc -c -g -O2  -o out/conftest2.o conftest.c >&5
configure:9391: $? = 0
configure:9413: result: yes
configure:9421: checking if gcc supports -c -o file.o
configure:9468: result: yes
configure:9501: checking whether the gcc linker (/usr/bin/ld -m elf_x86_64) supports shared libraries
configure:10764: result: yes
configure:10801: checking whether -lc should be explicitly linked in
configure:10809: gcc -c -g -O2  conftest.c >&5
configure:10812: $? = 0
configure:10827: gcc -shared  -fPIC -DPIC conftest.o  -v -Wl,-soname -Wl,conftest -o conftest 2\>\&1 \| /usr/bin/grep  -lc  \>/dev/null 2\>\&1
configure:10830: $? = 0
configure:10844: result: no
configure:11004: checking dynamic linker characteristics
configure:11585: gcc -o conftest -g -O2   -Wl,-rpath -Wl,/foo conftest.c  >&5
configure:11585: $? = 0
configure:11834: result: GNU/Linux ld.so
configure:11956: checking how to hardcode library paths into programs
configure:11981: result: immediate
configure:12529: checking whether stripping libraries is possible
configure:12534: result: yes
configure:12569: checking if libtool supports shared libraries
configure:12571: result: yes
configure:12574: checking whether to build shared libraries
configure:12599: result: yes
configure:12602: checking whether to build static libraries
configure:12606: result: yes
configure:9405: checking how to run the C++ preprocessor
configure:9432: g++ -E  conftest.cpp
configure:9432: $? = 0
configure:9446: g++ -E  conftest.cpp
conftest.cpp:23:10: fatal error: ac_nonexistent.h: No such file or directory
   23 | #include <ac_nonexistent.h>
      |          ^~~~~~~~~~~~~~~~~~
compilation terminated.
configure:9446: $? = 1
configure: failed program was:
| /* confdefs.h */
| #define PACKAGE_NAME "libusb-1.0"
| #define PACKAGE_TARNAME "libusb-1.0"
| #define PACKAGE_VERSION "1.0.24"
| #define PACKAGE_STRING "libusb-1.0 1.0.24"
| #define PACKAGE_BUGREPORT "libusb-devel@lists.sourceforge.net"
| #define PACKAGE_URL "http://libusb.info"
| #define PACKAGE "libusb-1.0"
| #define VERSION "1.0.24"
| #define STDC_HEADERS 1
| #define HAVE_SYS_TYPES_H 1
| #define HAVE_SYS_STAT_H 1
| #define HAVE_STDLIB_H 1
| #define HAVE_STRING_H 1
| #define HAVE_MEMORY_H 1
| #define HAVE_STRINGS_H 1
| #define HAVE_INTTYPES_H 1
| #define HAVE_STDINT_H 1
| #define HAVE_UNISTD_H 1
| #define HAVE_DLFCN_H 1
| #define LT_OBJDIR ".libs/"
| /* end confdefs.h.  */
| #include <ac_nonexistent.h>
configure:9471: result: g++ -E
configure:9491: g++ -E  conftest.cpp
configure:9491: $? = 0
configure:9505: g++ -E  conftest.cpp
conftest.cpp:23:10: fatal error: ac_nonexistent.h: No such file or directory
   23 | #include <ac_nonexistent.h>
      |          ^~~~~~~~~~~~~~~~~~
compilation terminated.
configure:9505: $? = 1
configure: failed program was:
| /* confdefs.h */
| #define PACKAGE_NAME "libusb-1.0"
| #define PACKAGE_TARNAME "libusb-1.0"
| #define PACKAGE_VERSION "1.0.24"
| #define PACKAGE_STRING "libusb-1.0 1.0.24"
| #define PACKAGE_BUGREPORT "libusb-devel@lists.sourceforge.net"
| #define PACKAGE_URL "http://libusb.info"
| #define PACKAGE "libusb-1.0"
| #define VERSION "1.0.24"
| #define STDC_HEADERS 1
| #define HAVE_SYS_TYPES_H 1
| #define HAVE_SYS_STAT_H 1
| #define HAVE_STDLIB_H 1
| #define HAVE_STRING_H 1
| #define HAVE_MEMORY_H 1
| #define HAVE_STRINGS_H 1
| #define HAVE_INTTYPES_H 1
| #define HAVE_STDINT_H 1
| #define HAVE_UNISTD_H 1
| #define HAVE_DLFCN_H 1
| #define LT_OBJDIR ".libs/"
| /* end confdefs.h.  */
| #include <ac_nonexistent.h>
configure:9667: checking for ld used by g++
configure:9734: result: /usr/bin/ld -m elf_x86_64
configure:9741: checking if the linker (/usr/bin/ld -m elf_x86_64) is GNU ld
configure:9756: result: yes
configure:9811: checking whether the g++ linker (/usr/bin/ld -m elf_x86_64) supports shared libraries
configure:10884: result: yes
configure:10920: g++ -c -g -O2  conftest.cpp >&5
configure:10923: $? = 0
configure:11404: checking for g++ option to produce PIC
configure:11411: result: -fPIC -DPIC
configure:11419: checking if g++ PIC flag -fPIC -DPIC works
configure:11437: g++ -c -g -O2  -fPIC -DPIC -DPIC conftest.cpp >&5
configure:11441: $? = 0
configure:11454: result: yes
configure:11477: checking if g++ static flag -static works
configure:11505: result: yes
configure:11517: checking if g++ supports -c -o file.o
configure:11538: g++ -c -g -O2  -o out/conftest2.o conftest.cpp >&5
configure:11542: $? = 0
configure:11564: result: yes
configure:11569: checking if g++ supports -c -o file.o
configure:11616: result: yes
configure:11646: checking whether the g++ linker (/usr/bin/ld -m elf_x86_64) supports shared libraries
configure:11689: result: yes
configure:11830: checking dynamic linker characteristics
configure:12587: result: GNU/Linux ld.so
configure:12652: checking how to hardcode library paths into programs
configure:12677: result: immediate
configure:11612: checking for windres
configure:11642: result: no
configure:11756: checking whether make supports nested variables
configure:11773: result: yes
configure:11790: checking if gcc supports -std=gnu11
configure:11803: gcc -c -std=gnu11  conftest.c >&5
configure:11803: $? = 0
configure:11804: result: yes
configure:11853: checking operating system
configure:11876: result: Linux
configure:11932: checking for nfds_t
configure:11932: gcc -c -g -O2  conftest.c >&5
configure:11932: $? = 0
configure:11932: gcc -c -g -O2  conftest.c >&5
conftest.c: In function 'main':
conftest.c:32:21: error: expected expression before ')' token
   32 | if (sizeof ((nfds_t)))
      |                     ^
configure:11932: $? = 1
configure: failed program was:
| /* confdefs.h */
| #define PACKAGE_NAME "libusb-1.0"
| #define PACKAGE_TARNAME "libusb-1.0"
| #define PACKAGE_VERSION "1.0.24"
| #define PACKAGE_STRING "libusb-1.0 1.0.24"
| #define PACKAGE_BUGREPORT "libusb-devel@lists.sourceforge.net"
| #define PACKAGE_URL "http://libusb.info"
| #define PACKAGE "libusb-1.0"
| #define VERSION "1.0.24"
| #define STDC_HEADERS 1
| #define HAVE_SYS_TYPES_H 1
| #define HAVE_SYS_STAT_H 1
| #define HAVE_STDLIB_H 1
| #define HAVE_STRING_H 1
| #define HAVE_MEMORY_H 1
| #define HAVE_STRINGS_H 1
| #define HAVE_INTTYPES_H 1
| #define HAVE_STDINT_H 1
| #define HAVE_UNISTD_H 1
| #define HAVE_DLFCN_H 1
| #define LT_OBJDIR ".libs/"
| #define _GNU_SOURCE 1
| #define DEFAULT_VISIBILITY __attribute__ ((visibility ("default")))
| #define PRINTF_FORMAT(a, b) __attribute__ ((__format__ (__printf__, a, b)))
| #define PLATFORM_POSIX 1
| /* end confdefs.h.  */
| #include <poll.h>
| 
| int
| main ()
| {
| if (sizeof ((nfds_t)))
| 	    return 0;
|   ;
|   return 0;
| }
configure:11932: result: yes
configure:11945: checking for pipe2
configure:11945: gcc -o conftest -g -O2   conftest.c  >&5
configure:11945: $? = 0
configure:11945: result: yes
configure:11956: checking if gcc recognizes -pthread
configure:11969: gcc -c -Wall -Werror -pthread  conftest.c >&5
configure:11969: $? = 0
configure:11970: result: yes
configure:11980: checking for library containing pthread_create
configure:12011: gcc -o conftest -g -O2   conftest.c  >&5
/usr/bin/ld: /tmp/cco7K8FB.o: in function `main':
/home/iordan/software/libusb/libusb-mine/conftest.c:40: undefined reference to `pthread_create'
collect2: error: ld returned 1 exit status
configure:12011: $? = 1
configure: failed program was:
| /* confdefs.h */
| #define PACKAGE_NAME "libusb-1.0"
| #define PACKAGE_TARNAME "libusb-1.0"
| #define PACKAGE_VERSION "1.0.24"
| #define PACKAGE_STRING "libusb-1.0 1.0.24"
| #define PACKAGE_BUGREPORT "libusb-devel@lists.sourceforge.net"
| #define PACKAGE_URL "http://libusb.info"
| #define PACKAGE "libusb-1.0"
| #define VERSION "1.0.24"
| #define STDC_HEADERS 1
| #define HAVE_SYS_TYPES_H 1
| #define HAVE_SYS_STAT_H 1
| #define HAVE_STDLIB_H 1
| #define HAVE_STRING_H 1
| #define HAVE_MEMORY_H 1
| #define HAVE_STRINGS_H 1
| #define HAVE_INTTYPES_H 1
| #define HAVE_STDINT_H 1
| #define HAVE_UNISTD_H 1
| #define HAVE_DLFCN_H 1
| #define LT_OBJDIR ".libs/"
| #define _GNU_SOURCE 1
| #define DEFAULT_VISIBILITY __attribute__ ((visibility ("default")))
| #define PRINTF_FORMAT(a, b) __attribute__ ((__format__ (__printf__, a, b)))
| #define PLATFORM_POSIX 1
| #define HAVE_NFDS_T 1
| #define HAVE_PIPE2 1
| /* end confdefs.h.  */
| 
| /* Override any GCC internal prototype to avoid an error.
|    Use char because int might match the return type of a GCC
|    builtin and then its argument prototype would still apply.  */
| #ifdef __cplusplus
| extern "C"
| #endif
| char pthread_create ();
| int
| main ()
| {
| return pthread_create ();
|   ;
|   return 0;
| }
configure:12011: gcc -o conftest -g -O2   conftest.c -lpthread   >&5
configure:12011: $? = 0
configure:12028: result: -lpthread
configure:12076: checking for library containing clock_gettime
configure:12107: gcc -o conftest -g -O2   conftest.c -lpthread  >&5
configure:12107: $? = 0
configure:12124: result: none required
configure:12134: checking for pthread_setname_np
configure:12134: gcc -o conftest -g -O2   conftest.c -lpthread  >&5
configure:12134: $? = 0
configure:12134: result: yes
configure:12151: checking libudev.h usability
configure:12151: gcc -c -g -O2  conftest.c >&5
configure:12151: $? = 0
configure:12151: result: yes
configure:12151: checking libudev.h presence
configure:12151: gcc -E  conftest.c
configure:12151: $? = 0
configure:12151: result: yes
configure:12151: checking for libudev.h
configure:12151: result: yes
configure:12159: checking for udev_new in -ludev
configure:12184: gcc -o conftest -g -O2   conftest.c -ludev  -lpthread  >&5
configure:12184: $? = 0
configure:12193: result: yes
configure:12263: checking sys/time.h usability
configure:12263: gcc -c -g -O2  conftest.c >&5
configure:12263: $? = 0
configure:12263: result: yes
configure:12263: checking sys/time.h presence
configure:12263: gcc -E  conftest.c
configure:12263: $? = 0
configure:12263: result: yes
configure:12263: checking for sys/time.h
configure:12263: result: yes
configure:12325: checking for clock_gettime
configure:12325: gcc -o conftest -g -O2   conftest.c -ludev -lpthread  >&5
configure:12325: $? = 0
configure:12325: result: yes
configure:12339: checking whether CLOCK_MONOTONIC is declared
configure:12339: gcc -c -g -O2  conftest.c >&5
configure:12339: $? = 0
configure:12339: result: yes
configure:12349: checking for pthread_condattr_setclock
configure:12349: gcc -o conftest -g -O2   conftest.c -ludev -lpthread  >&5
configure:12349: $? = 0
configure:12349: result: yes
configure:12382: checking sys/eventfd.h usability
configure:12382: gcc -c -g -O2  conftest.c >&5
configure:12382: $? = 0
configure:12382: result: yes
configure:12382: checking sys/eventfd.h presence
configure:12382: gcc -E  conftest.c
configure:12382: $? = 0
configure:12382: result: yes
configure:12382: checking for sys/eventfd.h
configure:12382: result: yes
configure:12391: checking whether EFD_NONBLOCK is declared
configure:12391: gcc -c -g -O2  conftest.c >&5
configure:12391: $? = 0
configure:12391: result: yes
configure:12407: checking whether EFD_CLOEXEC is declared
configure:12407: gcc -c -g -O2  conftest.c >&5
configure:12407: $? = 0
configure:12407: result: yes
configure:12425: checking for eventfd
configure:12425: gcc -o conftest -g -O2   conftest.c -ludev -lpthread  >&5
configure:12425: $? = 0
configure:12425: result: yes
configure:12446: checking whether to use eventfd for signalling
configure:12461: result: yes
configure:12475: checking sys/timerfd.h usability
configure:12475: gcc -c -g -O2  conftest.c >&5
configure:12475: $? = 0
configure:12475: result: yes
configure:12475: checking sys/timerfd.h presence
configure:12475: gcc -E  conftest.c
configure:12475: $? = 0
configure:12475: result: yes
configure:12475: checking for sys/timerfd.h
configure:12475: result: yes
configure:12484: checking whether TFD_NONBLOCK is declared
configure:12484: gcc -c -g -O2  conftest.c >&5
configure:12484: $? = 0
configure:12484: result: yes
configure:12500: checking whether TFD_CLOEXEC is declared
configure:12500: gcc -c -g -O2  conftest.c >&5
configure:12500: $? = 0
configure:12500: result: yes
configure:12518: checking for timerfd_create
configure:12518: gcc -o conftest -g -O2   conftest.c -ludev -lpthread  >&5
configure:12518: $? = 0
configure:12518: result: yes
configure:12539: checking whether to use timerfd for timing
configure:12554: result: yes
configure:12910: checking that generated files are newer than configure
configure:12916: result: done
configure:13003: creating ./config.status

## ---------------------- ##
## Running config.status. ##
## ---------------------- ##

This file was extended by libusb-1.0 config.status 1.0.24, which was
generated by GNU Autoconf 2.69.  Invocation command line was

  CONFIG_FILES    = 
  CONFIG_HEADERS  = 
  CONFIG_LINKS    = 
  CONFIG_COMMANDS = 
  $ ./config.status 

on skusno

config.status:1259: creating libusb-1.0.pc
config.status:1259: creating Makefile
config.status:1259: creating libusb/Makefile
config.status:1259: creating examples/Makefile
config.status:1259: creating tests/Makefile
config.status:1259: creating doc/Makefile
config.status:1259: creating doc/doxygen.cfg
config.status:1259: creating config.h
config.status:1440: config.h is unchanged
config.status:1488: executing depfiles commands
config.status:1565: cd libusb       && sed -e '/# am--include-marker/d' Makefile         | make -f - am--depfiles
config.status:1570: $? = 0
config.status:1565: cd examples       && sed -e '/# am--include-marker/d' Makefile         | make -f - am--depfiles
make: Nothing to be done for 'am--depfiles'.
config.status:1570: $? = 0
config.status:1565: cd tests       && sed -e '/# am--include-marker/d' Makefile         | make -f - am--depfiles
make: Nothing to be done for 'am--depfiles'.
config.status:1570: $? = 0
config.status:1488: executing libtool commands

## ---------------- ##
## Cache variables. ##
## ---------------- ##

ac_cv_build=x86_64-pc-linux-gnu
ac_cv_c_compiler_gnu=yes
ac_cv_c_inline=inline
ac_cv_cxx_compiler_gnu=yes
ac_cv_env_CCC_set=
ac_cv_env_CCC_value=
ac_cv_env_CC_set=
ac_cv_env_CC_value=
ac_cv_env_CFLAGS_set=
ac_cv_env_CFLAGS_value=
ac_cv_env_CPPFLAGS_set=
ac_cv_env_CPPFLAGS_value=
ac_cv_env_CPP_set=
ac_cv_env_CPP_value=
ac_cv_env_CXXCPP_set=
ac_cv_env_CXXCPP_value=
ac_cv_env_CXXFLAGS_set=
ac_cv_env_CXXFLAGS_value=
ac_cv_env_CXX_set=
ac_cv_env_CXX_value=
ac_cv_env_LDFLAGS_set=
ac_cv_env_LDFLAGS_value=
ac_cv_env_LIBS_set=
ac_cv_env_LIBS_value=
ac_cv_env_LT_SYS_LIBRARY_PATH_set=
ac_cv_env_LT_SYS_LIBRARY_PATH_value=
ac_cv_env_build_alias_set=
ac_cv_env_build_alias_value=
ac_cv_env_host_alias_set=
ac_cv_env_host_alias_value=
ac_cv_env_target_alias_set=
ac_cv_env_target_alias_value=
ac_cv_func_clock_gettime=yes
ac_cv_func_eventfd=yes
ac_cv_func_pipe2=yes
ac_cv_func_pthread_condattr_setclock=yes
ac_cv_func_pthread_setname_np=yes
ac_cv_func_timerfd_create=yes
ac_cv_have_decl_CLOCK_MONOTONIC=yes
ac_cv_have_decl_EFD_CLOEXEC=yes
ac_cv_have_decl_EFD_NONBLOCK=yes
ac_cv_have_decl_TFD_CLOEXEC=yes
ac_cv_have_decl_TFD_NONBLOCK=yes
ac_cv_header_dlfcn_h=yes
ac_cv_header_inttypes_h=yes
ac_cv_header_libudev_h=yes
ac_cv_header_memory_h=yes
ac_cv_header_stdc=yes
ac_cv_header_stdint_h=yes
ac_cv_header_stdlib_h=yes
ac_cv_header_string_h=yes
ac_cv_header_strings_h=yes
ac_cv_header_sys_eventfd_h=yes
ac_cv_header_sys_stat_h=yes
ac_cv_header_sys_time_h=yes
ac_cv_header_sys_timerfd_h=yes
ac_cv_header_sys_types_h=yes
ac_cv_header_unistd_h=yes
ac_cv_host=x86_64-pc-linux-gnu
ac_cv_lib_udev_udev_new=yes
ac_cv_objext=o
ac_cv_path_EGREP='/usr/bin/grep -E'
ac_cv_path_FGREP='/usr/bin/grep -F'
ac_cv_path_GREP=/usr/bin/grep
ac_cv_path_SED=/usr/bin/sed
ac_cv_path_install='/usr/bin/install -c'
ac_cv_path_lt_DD=/usr/bin/dd
ac_cv_path_mkdir=/usr/bin/mkdir
ac_cv_prog_AWK=gawk
ac_cv_prog_CPP='gcc -E'
ac_cv_prog_CXXCPP='g++ -E'
ac_cv_prog_ac_ct_AR=ar
ac_cv_prog_ac_ct_CC=gcc
ac_cv_prog_ac_ct_CXX=g++
ac_cv_prog_ac_ct_MANIFEST_TOOL=mt
ac_cv_prog_ac_ct_OBJDUMP=objdump
ac_cv_prog_ac_ct_RANLIB=ranlib
ac_cv_prog_ac_ct_STRIP=strip
ac_cv_prog_cc_c89=
ac_cv_prog_cc_g=yes
ac_cv_prog_cxx_g=yes
ac_cv_prog_make_make_set=yes
ac_cv_search_clock_gettime='none required'
ac_cv_search_pthread_create=-lpthread
ac_cv_type_nfds_t=yes
am_cv_CC_dependencies_compiler_type=gcc3
am_cv_CXX_dependencies_compiler_type=gcc3
am_cv_make_support_nested_variables=yes
am_cv_prog_cc_c_o=yes
lt_cv_ar_at_file=@
lt_cv_archive_cmds_need_lc=no
lt_cv_deplibs_check_method=pass_all
lt_cv_file_magic_cmd='$MAGIC_CMD'
lt_cv_file_magic_test_file=
lt_cv_ld_reload_flag=-r
lt_cv_nm_interface='BSD nm'
lt_cv_objdir=.libs
lt_cv_path_LD=/usr/bin/ld
lt_cv_path_LDCXX='/usr/bin/ld -m elf_x86_64'
lt_cv_path_NM='/usr/bin/nm -B'
lt_cv_path_mainfest_tool=no
lt_cv_prog_compiler_c_o=yes
lt_cv_prog_compiler_c_o_CXX=yes
lt_cv_prog_compiler_c_o_RC=yes
lt_cv_prog_compiler_pic='-fPIC -DPIC'
lt_cv_prog_compiler_pic_CXX='-fPIC -DPIC'
lt_cv_prog_compiler_pic_works=yes
lt_cv_prog_compiler_pic_works_CXX=yes
lt_cv_prog_compiler_rtti_exceptions=no
lt_cv_prog_compiler_static_works=yes
lt_cv_prog_compiler_static_works_CXX=yes
lt_cv_prog_gnu_ld=yes
lt_cv_prog_gnu_ldcxx=yes
lt_cv_sharedlib_from_linklib_cmd='printf %s\n'
lt_cv_shlibpath_overrides_runpath=yes
lt_cv_sys_global_symbol_pipe='sed -n -e '\''s/^.*[	 ]\([ABCDGIRSTW][ABCDGIRSTW]*\)[	 ][	 ]*\([_A-Za-z][_A-Za-z0-9]*\)$/\1 \2 \2/p'\'' | sed '\''/ __gnu_lto/d'\'''
lt_cv_sys_global_symbol_to_c_name_address='sed -n -e '\''s/^: \(.*\) .*$/  {"\1", (void *) 0},/p'\'' -e '\''s/^[ABCDGIRSTW][ABCDGIRSTW]* .* \(.*\)$/  {"\1", (void *) \&\1},/p'\'''
lt_cv_sys_global_symbol_to_c_name_address_lib_prefix='sed -n -e '\''s/^: \(.*\) .*$/  {"\1", (void *) 0},/p'\'' -e '\''s/^[ABCDGIRSTW][ABCDGIRSTW]* .* \(lib.*\)$/  {"\1", (void *) \&\1},/p'\'' -e '\''s/^[ABCDGIRSTW][ABCDGIRSTW]* .* \(.*\)$/  {"lib\1", (void *) \&\1},/p'\'''
lt_cv_sys_global_symbol_to_cdecl='sed -n -e '\''s/^T .* \(.*\)$/extern int \1();/p'\'' -e '\''s/^[ABCDGIRSTW][ABCDGIRSTW]* .* \(.*\)$/extern char \1;/p'\'''
lt_cv_sys_global_symbol_to_import=
lt_cv_sys_max_cmd_len=1572864
lt_cv_to_host_file_cmd=func_convert_file_noop
lt_cv_to_tool_file_cmd=func_convert_file_noop
lt_cv_truncate_bin='/usr/bin/dd bs=4096 count=1'

## ----------------- ##
## Output variables. ##
## ----------------- ##

ACLOCAL='${SHELL} /home/iordan/software/libusb/libusb-mine/missing aclocal-1.16'
AMDEPBACKSLASH='\'
AMDEP_FALSE='#'
AMDEP_TRUE=''
AMTAR='$${TAR-tar}'
AM_BACKSLASH='\'
AM_CFLAGS='-std=gnu11  -Wall -Wextra -Wshadow -Wunused -Wwrite-strings -Werror=format-security -Werror=implicit-function-declaration -Werror=implicit-int -Werror=init-self -Werror=missing-prototypes -Werror=strict-prototypes -Werror=undef -Werror=uninitialized'
AM_CPPFLAGS=''
AM_CXXFLAGS='-std=gnu++11  -Wall -Wextra -Wshadow -Wunused -Wwrite-strings -Werror=format-security -Werror=implicit-function-declaration -Werror=implicit-int -Werror=init-self -Werror=missing-prototypes -Werror=strict-prototypes -Werror=undef -Werror=uninitialized -Wmissing-declarations'
AM_DEFAULT_V='$(AM_DEFAULT_VERBOSITY)'
AM_DEFAULT_VERBOSITY='0'
AM_V='$(V)'
AR='ar'
AUTOCONF='${SHELL} /home/iordan/software/libusb/libusb-mine/missing autoconf'
AUTOHEADER='${SHELL} /home/iordan/software/libusb/libusb-mine/missing autoheader'
AUTOMAKE='${SHELL} /home/iordan/software/libusb/libusb-mine/missing automake-1.16'
AWK='gawk'
BUILD_EXAMPLES_FALSE='#'
BUILD_EXAMPLES_TRUE=''
BUILD_TESTS_FALSE='#'
BUILD_TESTS_TRUE=''
CC='gcc'
CCDEPMODE='depmode=gcc3'
CFLAGS='-g -O2'
CPP='gcc -E'
CPPFLAGS=''
CREATE_IMPORT_LIB_FALSE=''
CREATE_IMPORT_LIB_TRUE='#'
CXX='g++'
CXXCPP='g++ -E'
CXXDEPMODE='depmode=gcc3'
CXXFLAGS='-g -O2'
CYGPATH_W='echo'
DEFS='-DHAVE_CONFIG_H'
DEPDIR='.deps'
DLLTOOL='false'
DOXYGEN_HTMLDIR='api-1.0'
DSYMUTIL=''
DUMPBIN=''
ECHO_C=''
ECHO_N='-n'
ECHO_T=''
EGREP='/usr/bin/grep -E'
EXEEXT=''
FGREP='/usr/bin/grep -F'
GREP='/usr/bin/grep'
INSTALL_DATA='${INSTALL} -m 644'
INSTALL_PROGRAM='${INSTALL}'
INSTALL_SCRIPT='${INSTALL}'
INSTALL_STRIP_PROGRAM='$(install_sh) -c -s'
LD='/usr/bin/ld -m elf_x86_64'
LDFLAGS=''
LIBOBJS=''
LIBS='-ludev -lpthread '
LIBTOOL='$(SHELL) $(top_builddir)/libtool'
LIPO=''
LN_S='ln -s'
LTLIBOBJS=''
LT_LDFLAGS='-version-info 3:0:3 -no-undefined'
LT_SYS_LIBRARY_PATH=''
MAKEINFO='${SHELL} /home/iordan/software/libusb/libusb-mine/missing makeinfo'
MANIFEST_TOOL=':'
MKDIR_P='/usr/bin/mkdir -p'
NM='/usr/bin/nm -B'
NMEDIT=''
OBJDUMP='objdump'
OBJEXT='o'
OS_ANDROID_FALSE='#'
OS_ANDROID_TRUE=''
OS_DARWIN_FALSE=''
OS_DARWIN_TRUE='#'
OS_HAIKU_FALSE=''
OS_HAIKU_TRUE='#'
OS_LINUX_FALSE='#'
OS_LINUX_TRUE=''
OS_NETBSD_FALSE=''
OS_NETBSD_TRUE='#'
OS_NULL_FALSE=''
OS_NULL_TRUE='#'
OS_OPENBSD_FALSE=''
OS_OPENBSD_TRUE='#'
OS_SUNOS_FALSE=''
OS_SUNOS_TRUE='#'
OS_WINDOWS_FALSE=''
OS_WINDOWS_TRUE='#'
OTOOL64=''
OTOOL=''
PACKAGE='libusb-1.0'
PACKAGE_BUGREPORT='libusb-devel@lists.sourceforge.net'
PACKAGE_NAME='libusb-1.0'
PACKAGE_STRING='libusb-1.0 1.0.24'
PACKAGE_TARNAME='libusb-1.0'
PACKAGE_URL='http://libusb.info'
PACKAGE_VERSION='1.0.24'
PATH_SEPARATOR=':'
PLATFORM_POSIX_FALSE='#'
PLATFORM_POSIX_TRUE=''
PLATFORM_WINDOWS_FALSE=''
PLATFORM_WINDOWS_TRUE='#'
RANLIB='ranlib'
RC=''
SED='/usr/bin/sed'
SET_MAKE=''
SHELL='/bin/bash'
STRIP='strip'
THREAD_CFLAGS='-pthread'
THREAD_LIBS='-lpthread'
USE_UDEV_FALSE='#'
USE_UDEV_TRUE=''
VERSION='1.0.24'
ac_ct_AR='ar'
ac_ct_CC='gcc'
ac_ct_CXX='g++'
ac_ct_DUMPBIN=''
am__EXEEXT_FALSE=''
am__EXEEXT_TRUE='#'
am__fastdepCC_FALSE='#'
am__fastdepCC_TRUE=''
am__fastdepCXX_FALSE='#'
am__fastdepCXX_TRUE=''
am__include='include'
am__isrc=''
am__leading_dot='.'
am__nodep='_no'
am__quote=''
am__tar='$${TAR-tar} chof - "$$tardir"'
am__untar='$${TAR-tar} xf -'
bindir='${exec_prefix}/bin'
build='x86_64-pc-linux-gnu'
build_alias=''
build_cpu='x86_64'
build_os='linux-gnu'
build_vendor='pc'
datadir='${datarootdir}'
datarootdir='${prefix}/share'
docdir='${datarootdir}/doc/${PACKAGE_TARNAME}'
dvidir='${docdir}'
exec_prefix='${prefix}'
host='x86_64-pc-linux-gnu'
host_alias=''
host_cpu='x86_64'
host_os='linux-gnu'
host_vendor='pc'
htmldir='${docdir}'
includedir='${prefix}/include'
infodir='${datarootdir}/info'
install_sh='${SHELL} /home/iordan/software/libusb/libusb-mine/install-sh'
libdir='${exec_prefix}/lib'
libexecdir='${exec_prefix}/libexec'
localedir='${datarootdir}/locale'
localstatedir='${prefix}/var'
mandir='${datarootdir}/man'
mkdir_p='$(MKDIR_P)'
oldincludedir='/usr/include'
pdfdir='${docdir}'
prefix='/usr/local'
program_transform_name='s,x,x,'
psdir='${docdir}'
runstatedir='${localstatedir}/run'
sbindir='${exec_prefix}/sbin'
sharedstatedir='${prefix}/com'
sysconfdir='${prefix}/etc'
target_alias=''

## ----------- ##
## confdefs.h. ##
## ----------- ##

/* confdefs.h */
#define PACKAGE_NAME "libusb-1.0"
#define PACKAGE_TARNAME "libusb-1.0"
#define PACKAGE_VERSION "1.0.24"
#define PACKAGE_STRING "libusb-1.0 1.0.24"
#define PACKAGE_BUGREPORT "libusb-devel@lists.sourceforge.net"
#define PACKAGE_URL "http://libusb.info"
#define PACKAGE "libusb-1.0"
#define VERSION "1.0.24"
#define STDC_HEADERS 1
#define HAVE_SYS_TYPES_H 1
#define HAVE_SYS_STAT_H 1
#define HAVE_STDLIB_H 1
#define HAVE_STRING_H 1
#define HAVE_MEMORY_H 1
#define HAVE_STRINGS_H 1
#define HAVE_INTTYPES_H 1
#define HAVE_STDINT_H 1
#define HAVE_UNISTD_H 1
#define HAVE_DLFCN_H 1
#define LT_OBJDIR ".libs/"
#define _GNU_SOURCE 1
#define DEFAULT_VISIBILITY __attribute__ ((visibility ("default")))
#define PRINTF_FORMAT(a, b) __attribute__ ((__format__ (__printf__, a, b)))
#define PLATFORM_POSIX 1
#define HAVE_NFDS_T 1
#define HAVE_PIPE2 1
#define HAVE_PTHREAD_SETNAME_NP 1
#define HAVE_LIBUDEV 1
#define HAVE_SYS_TIME_H 1
#define HAVE_CLOCK_GETTIME 1
#define HAVE_PTHREAD_CONDATTR_SETCLOCK 1
#define HAVE_DECL_EFD_NONBLOCK 1
#define HAVE_DECL_EFD_CLOEXEC 1
#define HAVE_EVENTFD 1
#define HAVE_DECL_TFD_NONBLOCK 1
#define HAVE_DECL_TFD_CLOEXEC 1
#define HAVE_TIMERFD 1
#define ENABLE_LOGGING 1

configure: exit 0
